Microsoft (R) Help Compiler
HCRTF 4.03.0002
Copyright (c) Microsoft Corp 1990 - 1995. All rights reserved.
easyb.hpj
    HC3096: Warning: 
	The font name "Franklin Gothic Demi Cond Baltic" is longer than 31 characters.
    HC3096: Warning: 
	The font name "Franklin Gothic Medium Cond Greek" is longer than 31 characters.
    HC3096: Warning: 
	The font name "Franklin Gothic Medium Cond Baltic" is longer than 31 characters.
    HC3096: Warning: 
	The font name "Gill Sans Ultra Bold Condensed CE" is longer than 31 characters.
    HC3096: Warning: 
	The font name "Gill Sans MT Ext Condensed Bold CE" is longer than 31 characters.
    HC3096: Warning: 
	The font name "Tw Cen MT Condensed Extra Bold CE" is longer than 31 characters.
    HC3096: Warning: 
	The font name "Franklin Gothic Demi Cond Baltic" is longer than 31 characters.
    HC3096: Warning: 
	The font name "Franklin Gothic Medium Cond Greek" is longer than 31 characters.
    HC3096: Warning: 
	The font name "Franklin Gothic Medium Cond Baltic" is longer than 31 characters.
    HC3096: Warning: 
	The font name "Gill Sans Ultra Bold Condensed CE" is longer than 31 characters.
    HC3096: Warning: 
	The font name "Gill Sans MT Ext Condensed Bold CE" is longer than 31 characters.
    HC3096: Warning: 
	The font name "Tw Cen MT Condensed Extra Bold CE" is longer than 31 characters.
    HC3096: Warning: 
	The font name "Franklin Gothic Demi Cond Baltic" is longer than 31 characters.
    HC3096: Warning: 
	The font name "Franklin Gothic Medium Cond Greek" is longer than 31 characters.
    HC3096: Warning: 
	The font name "Franklin Gothic Medium Cond Baltic" is longer than 31 characters.
    HC3096: Warning: 
	The font name "Gill Sans Ultra Bold Condensed CE" is longer than 31 characters.
    HC3096: Warning: 
	The font name "Gill Sans MT Ext Condensed Bold CE" is longer than 31 characters.
    HC3096: Warning: 
	The font name "Tw Cen MT Condensed Extra Bold CE" is longer than 31 characters.
    HC3096: Warning: 
	The font name "Franklin Gothic Demi Cond Baltic" is longer than 31 characters.
    HC3096: Warning: 
	The font name "Franklin Gothic Medium Cond Greek" is longer than 31 characters.
    HC3096: Warning: 
	The font name "Franklin Gothic Medium Cond Baltic" is longer than 31 characters.
    HC3096: Warning: 
	The font name "Gill Sans Ultra Bold Condensed CE" is longer than 31 characters.
    HC3096: Warning: 
	The font name "Gill Sans MT Ext Condensed Bold CE" is longer than 31 characters.
    HC3096: Warning: 
	The font name "Tw Cen MT Condensed Extra Bold CE" is longer than 31 characters.
352	Topics
479	Jumps
283	Keywords
133	Bitmaps


Created c:\msdev\misc\easyb\help\EasyBridge.hlp, 811,977 bytes
Bitmaps: 607,748 bytes
Hall+Zeck compression decreased help file by 152,980 bytes.
Compile time: 1 minute, 59 seconds
0 notes, 24 warnings
