
>>>>>>> Starting EasyBridge <<<<<<
X=105, Y=572 for card=Ace of Spades, dv=51
X=136, Y=572 for card=Eight of Spades, dv=45
X=167, Y=572 for card=Three of Spades, dv=40
X=255, Y=572 for card=Ace of Hearts, dv=38
X=286, Y=572 for card=Nine of Hearts, dv=33
X=317, Y=572 for card=Six of Hearts, dv=30
X=348, Y=572 for card=Five of Hearts, dv=29
X=379, Y=572 for card=Three of Hearts, dv=27
X=410, Y=572 for card=Deuce of Hearts, dv=26
X=498, Y=572 for card=Six of Clubs, dv=4
X=529, Y=572 for card=Deuce of Clubs, dv=0
X=617, Y=572 for card=King of Diamonds, dv=24
X=648, Y=572 for card=Seven of Diamonds, dv=18
X=734, Y=387 for card=Ten of Diamonds, dv=21
X=105, Y=572 for card=Ace of Spades, dv=51
X=136, Y=572 for card=Eight of Spades, dv=45
X=167, Y=572 for card=Three of Spades, dv=40
X=255, Y=572 for card=Ace of Hearts, dv=38
X=286, Y=572 for card=Nine of Hearts, dv=33
X=317, Y=572 for card=Six of Hearts, dv=30
X=348, Y=572 for card=Five of Hearts, dv=29
X=379, Y=572 for card=Three of Hearts, dv=27
X=410, Y=572 for card=Deuce of Hearts, dv=26
X=498, Y=572 for card=Six of Clubs, dv=4
X=529, Y=572 for card=Deuce of Clubs, dv=0
X=617, Y=572 for card=King of Diamonds, dv=24
X=648, Y=572 for card=Seven of Diamonds, dv=18
X=734, Y=421 for card=Ten of Diamonds, dv=21
X=105, Y=572 for card=Ace of Spades, dv=51
X=136, Y=572 for card=Eight of Spades, dv=45
X=167, Y=572 for card=Three of Spades, dv=40
X=255, Y=572 for card=Ace of Hearts, dv=38
X=286, Y=572 for card=Nine of Hearts, dv=33
X=317, Y=572 for card=Six of Hearts, dv=30
X=348, Y=572 for card=Five of Hearts, dv=29
X=379, Y=572 for card=Three of Hearts, dv=27
X=410, Y=572 for card=Deuce of Hearts, dv=26
X=498, Y=572 for card=Six of Clubs, dv=4
X=529, Y=572 for card=Deuce of Clubs, dv=0
X=617, Y=572 for card=King of Diamonds, dv=24
X=648, Y=572 for card=Seven of Diamonds, dv=18
X=734, Y=421 for card=Ten of Diamonds, dv=21
X=734, Y=387 for card=Ten of Diamonds, dv=21
X=105, Y=572 for card=Eight of Spades, dv=45
X=136, Y=572 for card=Three of Spades, dv=40
X=105, Y=572 for card=Ace of Spades, dv=51
X=255, Y=572 for card=Nine of Hearts, dv=33
X=286, Y=572 for card=Six of Hearts, dv=30
X=317, Y=572 for card=Five of Hearts, dv=29
X=348, Y=572 for card=Three of Hearts, dv=27
X=379, Y=572 for card=Deuce of Hearts, dv=26
X=255, Y=572 for card=Ace of Hearts, dv=38
X=734, Y=353 for card=Ten of Diamonds, dv=21
X=379, Y=572 for card=Deuce of Hearts, dv=26
X=750, Y=319 for card=Ten of Diamonds, dv=21
X=750, Y=285 for card=Ten of Diamonds, dv=21
X=136, Y=572 for card=Three of Spades, dv=40
X=750, Y=251 for card=Ten of Diamonds, dv=21
X=105, Y=572 for card=Eight of Spades, dv=45
X=648, Y=572 for card=Seven of Diamonds, dv=18
X=750, Y=251 for card=Ten of Diamonds, dv=21
X=467, Y=284 for card=Ten of Diamonds, dv=21
X=617, Y=572 for card=King of Diamonds, dv=24
X=378, Y=337 for card=Ten of Diamonds, dv=21
X=498, Y=572 for card=Deuce of Clubs, dv=0
X=498, Y=572 for card=Six of Clubs, dv=4
X=498, Y=572 for card=Deuce of Clubs, dv=0
X=105, Y=572 for card=Ace of Spades, dv=51
X=136, Y=572 for card=Eight of Spades, dv=45
X=167, Y=572 for card=Three of Spades, dv=40
X=255, Y=572 for card=Ace of Hearts, dv=38
X=286, Y=572 for card=Nine of Hearts, dv=33
X=317, Y=572 for card=Six of Hearts, dv=30
X=348, Y=572 for card=Five of Hearts, dv=29
X=379, Y=572 for card=Three of Hearts, dv=27
X=410, Y=572 for card=Deuce of Hearts, dv=26
X=498, Y=572 for card=Six of Clubs, dv=4
X=529, Y=572 for card=Deuce of Clubs, dv=0
X=617, Y=572 for card=King of Diamonds, dv=24
X=648, Y=572 for card=Seven of Diamonds, dv=18
X=734, Y=421 for card=Ten of Diamonds, dv=21
X=105, Y=572 for card=Ace of Spades, dv=51
X=136, Y=572 for card=Eight of Spades, dv=45
X=167, Y=572 for card=Three of Spades, dv=40
X=255, Y=572 for card=Ace of Hearts, dv=38
X=286, Y=572 for card=Nine of Hearts, dv=33
X=317, Y=572 for card=Six of Hearts, dv=30
X=348, Y=572 for card=Five of Hearts, dv=29
X=379, Y=572 for card=Three of Hearts, dv=27
X=410, Y=572 for card=Deuce of Hearts, dv=26
X=498, Y=572 for card=Six of Clubs, dv=4
X=529, Y=572 for card=Deuce of Clubs, dv=0
X=617, Y=572 for card=King of Diamonds, dv=24
X=648, Y=572 for card=Seven of Diamonds, dv=18
X=734, Y=421 for card=Ten of Diamonds, dv=21
